2025-09-23 18:11:57,016 - INFO - Data Loaded Successfull : (30, 2)
2025-09-23 18:11:57,022 - INFO - Missing Value in the data : YearsExperience    0
Salary             0
dtype: int64
2025-09-23 18:11:57,030 - INFO - length of X_train : 21
2025-09-23 18:11:57,030 - INFO - length of y_train : 21
2025-09-23 18:11:57,031 - INFO - Linear Regression Algorithm
2025-09-23 18:11:57,347 - INFO - Mean Squared Error : 37784662.46621314
2025-09-23 18:11:57,348 - INFO - Mean Absolute Error: 5161.328710400183
2025-09-23 18:11:57,349 - INFO - R2 Score           : 94.14466227178214
2025-09-23 18:11:57,366 - INFO -     X_Train_Values  Y_Train_Values
0              1.1         39343.0
4              2.2         39891.0
16             5.1         66029.0
5              2.9         56642.0
13             4.1         57081.0
11             4.0         55794.0
22             7.9        101302.0
1              1.3         46205.0
2              1.5         37731.0
25             9.0        105582.0
3              2.0         43525.0
21             7.1         98273.0
26             9.5        116969.0
18             5.9         81363.0
29            10.5        121872.0
20             6.8         91738.0
7              3.2         54445.0
10             3.9         63218.0
14             4.5         61111.0
19             6.0         93940.0
6              3.0         60150.0
2025-09-23 18:11:57,378 - INFO -     X_Train_Values  Y_Train_Values  Answers_From_Model
0              1.1         39343.0        36191.428231
4              2.2         39891.0        46464.418127
16             5.1         66029.0        73547.755126
5              2.9         56642.0        53001.775334
13             4.1         57081.0        64208.673403
11             4.0         55794.0        63274.765230
22             7.9        101302.0        99697.183953
1              1.3         46205.0        38059.244576
2              1.5         37731.0        39927.060921
25             9.0        105582.0       109970.173849
3              2.0         43525.0        44596.601783
21             7.1         98273.0        92225.918574
26             9.5        116969.0       114639.714711
18             5.9         81363.0        81019.020505
29            10.5        121872.0       123978.796435
20             6.8         91738.0        89424.194057
7              3.2         54445.0        55803.499851
10             3.9         63218.0        62340.857058
14             4.5         61111.0        67944.306092
19             6.0         93940.0        81952.928678
6              3.0         60150.0        53935.683506
2025-09-23 18:11:57,380 - INFO - Training Loos : 28922215.61238366
2025-09-23 18:11:57,381 - INFO - Training Accuracy :  95.74526669392873
2025-09-23 18:11:57,389 - INFO -     X_Test_Values  Y_Test_Values
27            9.6       112635.0
15            4.9        67938.0
23            8.2       113812.0
17            5.3        83088.0
8             3.2        64445.0
9             3.7        57189.0
28           10.3       122391.0
24            8.7       109431.0
12            4.0        56957.0
2025-09-23 18:11:57,398 - INFO -     X_Test_Values  Y_Test_Values  Answers_From_Model
27            9.6       112635.0       115573.622884
15            4.9        67938.0        71679.938782
23            8.2       113812.0       102498.908470
17            5.3        83088.0        75415.571471
8             3.2        64445.0        55803.499851
9             3.7        57189.0        60473.040713
28           10.3       122391.0       122110.980090
24            8.7       109431.0       107168.449332
12            4.0        56957.0        63274.765230
2025-09-23 18:11:57,400 - INFO - Testing Loos : 37784662.46621314
2025-09-23 18:11:57,400 - INFO - Testing Accuracy :  94.14466227178214
2025-09-23 18:11:57,401 - INFO - 166004.6641921932
2025-09-23 18:11:57,401 - INFO - ********** Checking Predictions For New Data Points Externally **********
2025-09-23 18:11:57,401 - INFO - The Salary Expected for 15 years Experience was : 166004.66419212116 with 94% Assurace
2025-09-23 18:11:57,408 - INFO - ***** Predicting values based on user inputs pickle files *****
2025-09-23 18:11:57,409 - INFO - The Salary Expected for 16 years Experience was : 175343.74591593636 with 94% Assurace
